    Directory /sand/usgs/users/jcwarner/WW3/arc_tmp/cases
   New link mww3_case_01 ...
   New link mww3_case_02 ...
   New link mww3_case_03 ...
      New link gfs_1d.wind.gz ...
      New link icean_30m.ice.gz ...
      New link iceanl_30m.mask ...
      New link ww3_grid.inp.gfs_1d ...
      New link ww3_grid.inp.gfs_30m ...
      New link ww3_grid.inp.icean_30m ...
      New link ww3_grid.inp.points ...
      New link ww3_prep.inp.gfs_1d ...
      New link coast_2m.bot ...
      New link coast_2m.mask ...
      New link coast_2m.obs ...
      New link colorset.gs ...
      New link map.gs ...
      New link NA_1d.bot ...
      New link NA_1d.obs ...
      New link NEA_20m.bot ...
      New link NEA_20m.mask ...
      New link NEA_20m.obs ...
      New link Nor_6m.bot ...
      New link Nor_6m.mask ...
      New link Nor_6m.obs ...
      New link trondheim.bot ...
      New link ww3_grid.inp.grd1 ...
      New link ww3_grid.inp.grd2 ...
      New link ww3_grid.inp.grd3 ...
      New link ww3_grid.inp.grd4 ...
      New link ww3_grid.inp.grd5 ...
      New link AK_15m.bot ...
      New link AK_15m.mask ...
      New link AK_15m.obs ...
      New link coast_4m.bot ...
      New link coast_4m.mask ...
      New link coast_4m.mask2 ...
      New link coast_4m.obs ...
      New link colorset.gs ...
      New link map.gs ...
      New link mask3.sh ...
      New link Pac_1d.bot ...
      New link Pac_1d.obs ...
      New link ww3_grid.inp.grd1 ...
      New link ww3_grid.inp.grd2 ...
      New link ww3_grid.inp.grd3 ...
      New link ak_10m.bot ...
      New link ak_10m.mask ...
      New link ak_10m.obst ...
      New link ak_4m.bot ...
      New link ak_4m.mask ...
      New link ak_4m.obst ...
      New link at_10m.bot ...
      New link at_10m.mask ...
      New link at_10m.obst ...
      New link at_4m.bot ...
      New link at_4m.mask ...
      New link at_4m.obst ...
      New link buoy.loc ...
      New link colorset.gs ...
      New link ep_10m.bot ...
      New link ep_10m.mask ...
      New link ep_10m.obst ...
      New link glo_30m.bot ...
      New link glo_30m.mask ...
      New link glo_30m.obst ...
      New link map_glo.gs ...
      New link map_res.gs ...
      New link wc_10m.bot ...
      New link wc_10m.mask ...
      New link wc_10m.obst ...
      New link wc_4m.bot ...
      New link wc_4m.mask ...
      New link wc_4m.obst ...
      New link ww3_grid.inp.ak_10m ...
      New link ww3_grid.inp.ak_4m ...
      New link ww3_grid.inp.at_10m ...
      New link ww3_grid.inp.at_4m ...
      New link ww3_grid.inp.ep_10m ...
      New link ww3_grid.inp.glo_30m ...
      New link ww3_grid.inp.points ...
      New link ww3_grid.inp.wc_10m ...
      New link ww3_grid.inp.wc_4m ...
