    Directory /sand/usgs/users/jcwarner/WW3/inp
   New link track_i.ww3 ...
   New link ww3_bounc.inp ...
   New link ww3_bound.inp ...
   New link ww3_gint.inp ...
   New link ww3_grib.inp ...
   New link ww3_grid.inp ...
   New link ww3_gspl.inp ...
   New link ww3_multi.inp ...
   New link ww3_ounf.inp ...
   New link ww3_ounp.inp ...
   New link ww3_outf.inp ...
   New link ww3_outp.inp ...
   New link ww3_prep.inp ...
   New link ww3_prnc.inp ...
   New link ww3_prtide.inp ...
   New link ww3_shel.inp ...
   New link ww3_strt.inp ...
   New link ww3_systrk.inp ...
   New link ww3_trck.inp ...
   New link ww3_trnc.inp ...
   New link gx_outf.inp ...
   New link gx_outp.inp ...
