    Directory /sand/usgs/users/jcwarner/WW3/arc_tmp/regtests
      New link cleanup ...
      New link comp_switch ...
      New link matrix.base ...
      New link matrix.base.v1 ...
      New link matrix_caparmor ...
      New link matrix.comp ...
      New link matrix_zeus_HLT ...
      New link run_test ...
      New link info ...
      New link gx_outf.inp ...
      New link gx_outp.inp ...
      New link map_m01.gs ...
      New link switch ...
      New link switch_PR1 ...
      New link switch_PR1_MPI ...
      New link switch_PR2_UNO ...
      New link switch_PR2_UNO_MPI ...
      New link switch_PR2_UQ ...
      New link switch_PR2_UQ_MPI ...
      New link switch_PR3_UNO ...
      New link switch_PR3_UNO_MPI ...
      New link switch_PR3_UQ ...
      New link switch_PR3_UQ_MPI ...
      New link ww3_grid.inp ...
      New link ww3_ounf.inp ...
      New link ww3_ounp.inp ...
      New link ww3_outf_file.inp ...
      New link ww3_outf.inp ...
      New link ww3_outf_screen.inp ...
      New link ww3_outp_tab50.inp ...
      New link ww3_outp_tab51.inp ...
      New link ww3_prep.inp ...
      New link ww3_shel.inp ...
      New link ww3_strt.inp ...
      New link info ...
      New link grdset_a ...
      New link grdset_b ...
      New link grdset_c ...
      New link grdset_d ...
      New link gx_outf.inp ...
      New link map_m02.gs ...
      New link points.list ...
      New link switch ...
      New link switch_PR1 ...
      New link switch_PR1_MPI ...
      New link switch_PR2_UNO ...
      New link switch_PR2_UNO_MPI ...
      New link switch_PR2_UQ ...
      New link switch_PR2_UQ_MPI ...
      New link switch_PR2_UQ_NC4_MPI ...
      New link switch_PR3_UNO ...
      New link switch_PR3_UNO_MPI ...
      New link switch_PR3_UNO_MPI_SCRIP ...
      New link switch_PR3_UNO_MPI_SCRIPNC ...
      New link switch_PR3_UNO_MPI_SCRIP_T38 ...
      New link switch_PR3_UNO_SCRIP ...
      New link switch_PR3_UNO_SCRIP_T38 ...
      New link switch_PR3_UQ ...
      New link switch_PR3_UQ_MPI ...
      New link switch_PR3_UQ_MPI_SCRIP ...
      New link switch_PR3_UQ_MPI_SCRIPNC ...
      New link switch_PR3_UQ_MPI_SCRIP_T38 ...
      New link switch_PR3_UQ_SCRIP ...
      New link switch_PR3_UQ_SCRIP_T38 ...
      New link track_i.outer ...
      New link ww3_grid_coarse.inp ...
      New link ww3_grid_curv_coarse.inp ...
      New link ww3_grid_curv_fine.inp ...
      New link ww3_grid_curv_outer.inp ...
      New link ww3_grid_curv_respec.inp ...
      New link ww3_grid_curv_tiny.inp ...
      New link ww3_grid_fine.inp ...
      New link ww3_grid_outer.inp ...
      New link ww3_grid_respec.inp ...
      New link ww3_grid_tiny.inp ...
      New link ww3_multi_grdset_a.inp ...
      New link ww3_multi_grdset_a.nml ...
      New link ww3_multi_grdset_b.inp ...
      New link ww3_multi_grdset_b.nml ...
      New link ww3_multi_grdset_c.inp ...
      New link ww3_multi_grdset_c.nml ...
      New link ww3_multi_grdset_d.inp ...
      New link ww3_multi_grdset_d.nml ...
      New link ww3_ounf.inp ...
      New link ww3_ounp.inp ...
      New link ww3_outf.inp ...
      New link ww3_outp_tab50.inp ...
      New link ww3_strt.inp ...
      New link ww3_trck_outer.inp ...
      New link ww3_trnc_outer.inp ...
      New link xgrd.coarse.inp ...
      New link xgrd.fine.inp ...
      New link xgrd.outer.inp ...
      New link xgrd.tiny.inp ...
      New link xygrd.f90 ...
      New link xygrd.sh ...
      New link ygrd.coarse.inp ...
      New link ygrd.fine.inp ...
      New link ygrd.outer.inp ...
      New link ygrd.tiny.inp ...
      New link info ...
      New link grdset_a ...
      New link grdset_b ...
      New link grdset_c ...
      New link grdset_d ...
      New link grdset_d2 ...
      New link grdset_e ...
      New link gx_outf.inp ...
      New link map_m03.gs ...
      New link points.list ...
      New link switch ...
      New link switch_PR1 ...
      New link switch_PR1_MPI ...
      New link switch_PR2_UNO ...
      New link switch_PR2_UNO_MPI ...
      New link switch_PR2_UQ ...
      New link switch_PR2_UQ_MPI ...
      New link switch_PR3_UNO ...
      New link switch_PR3_UNO_MPI ...
      New link switch_PR3_UNO_MPI_SCRIP ...
      New link switch_PR3_UNO_MPI_SCRIPNC ...
      New link switch_PR3_UNO_SCRIP ...
      New link switch_PR3_UNO_SCRIP_T38 ...
      New link switch_PR3_UQ ...
      New link switch_PR3_UQ_MPI ...
      New link switch_PR3_UQ_MPI_IS2 ...
      New link switch_PR3_UQ_MPI_SCRIP ...
      New link switch_PR3_UQ_MPI_SCRIPNC ...
      New link switch_PR3_UQ_SCRIP ...
      New link switch_PR3_UQ_SCRIP_T38 ...
      New link ww3_gint_grdset_a.inp ...
      New link ww3_gint_grdset_b.inp ...
      New link ww3_gint_grdset_c.inp ...
      New link ww3_gint_grdset_d.inp ...
      New link ww3_grid_cmpl.inp ...
      New link ww3_grid_hgh0.inp ...
      New link ww3_grid_hgh1.inp ...
      New link ww3_grid_hgh2.inp ...
      New link ww3_grid_hgh3.inp ...
      New link ww3_grid_low0.inp ...
      New link ww3_grid_low1.inp ...
      New link ww3_grid_low2.inp ...
      New link ww3_grid_low3.inp ...
      New link ww3_grid_points.inp ...
      New link ww3_multi_grdset_a.inp ...
      New link ww3_multi_grdset_a.nml ...
      New link ww3_multi_grdset_b.inp ...
      New link ww3_multi_grdset_b.nml ...
      New link ww3_multi_grdset_c.inp ...
      New link ww3_multi_grdset_c.nml ...
      New link ww3_multi_grdset_d2.inp ...
      New link ww3_multi_grdset_d2.nml ...
      New link ww3_multi_grdset_d.inp ...
      New link ww3_multi_grdset_d.nml ...
      New link ww3_multi_grdset_e.inp ...
      New link ww3_multi_grdset_e.nml ...
      New link ww3_ounf.inp ...
      New link ww3_ounp.inp ...
      New link ww3_outf.inp ...
      New link ww3_outp_tab50.inp ...
      New link ww3_strt.inp ...
      New link info ...
      New link buoy.all ...
      New link curr.data ...
      New link depth.data ...
      New link grdset_a ...
      New link grdset_b ...
      New link grdset_c ...
      New link grdset_d ...
      New link grdset_e ...
      New link grdset_f ...
      New link grdset_g ...
      New link gx_outf.inp ...
      New link gx_outp.inp ...
      New link map_m04.gs ...
      New link mask.data ...
      New link points_2.list ...
      New link points_3.list ...
      New link points.list ...
      New link switch ...
      New link switch_PR1 ...
      New link switch_PR1_MPI ...
      New link switch_PR2_UNO ...
      New link switch_PR2_UNO_MPI ...
      New link switch_PR2_UQ ...
      New link switch_PR2_UQ_MPI ...
      New link switch_PR3_UNO ...
      New link switch_PR3_UNO_MPI ...
      New link switch_PR3_UNO_MPI_SCRIP ...
      New link switch_PR3_UNO_MPI_SCRIPNC ...
      New link switch_PR3_UNO_SCRIP ...
      New link switch_PR3_UNO_SCRIP_T38 ...
      New link switch_PR3_UQ ...
      New link switch_PR3_UQ_MPI ...
      New link switch_PR3_UQ_MPI_SCRIP ...
      New link switch_PR3_UQ_MPI_SCRIPNC ...
      New link switch_PR3_UQ_SCRIP ...
      New link switch_PR3_UQ_SCRIP_T38 ...
      New link ww3_grid_bound.inp ...
      New link ww3_grid_inner.inp ...
      New link ww3_grid_mount.inp ...
      New link ww3_grid_outer.inp ...
      New link ww3_grid_points.inp ...
      New link ww3_multi_grdset_a.inp ...
      New link ww3_multi_grdset_a.nml ...
      New link ww3_multi_grdset_b.inp ...
      New link ww3_multi_grdset_b.nml ...
      New link ww3_multi_grdset_c.inp ...
      New link ww3_multi_grdset_c.nml ...
      New link ww3_multi_grdset_d.inp ...
      New link ww3_multi_grdset_d.nml ...
      New link ww3_multi_grdset_e.inp ...
      New link ww3_multi_grdset_e.nml ...
      New link ww3_multi_grdset_f.inp ...
      New link ww3_multi_grdset_f.nml ...
      New link ww3_multi_grdset_g.inp ...
      New link ww3_multi_grdset_g.nml ...
      New link ww3_ounf.inp ...
      New link ww3_ounp.inp ...
      New link ww3_outf.inp ...
      New link ww3_outp.inp ...
      New link ww3_prep_current.inp ...
      New link ww3_strt.inp ...
      New link info ...
      New link buoy.all ...
      New link grdset_a ...
      New link grdset_b ...
      New link grdset_c ...
      New link grdset_d ...
      New link grdset_e ...
      New link gx_outf.inp ...
      New link gx_outp.inp ...
      New link map_m05.gs ...
      New link points.list ...
      New link switch ...
      New link switch_ST1_PR1 ...
      New link switch_ST1_PR1_MPI ...
      New link switch_ST1_PR1_MPI_OMPH ...
      New link switch_ST1_PR1_OMP ...
      New link switch_ST1_PR2_UNO ...
      New link switch_ST1_PR2_UNO_MPI ...
      New link switch_ST1_PR2_UNO_MPI_OMPH ...
      New link switch_ST1_PR2_UNO_OMP ...
      New link switch_ST1_PR2_UQ ...
      New link switch_ST1_PR2_UQ_MPI ...
      New link switch_ST1_PR2_UQ_MPI_OMPH ...
      New link switch_ST1_PR2_UQ_OMP ...
      New link switch_ST1_PR3_UNO ...
      New link switch_ST1_PR3_UNO_MPI ...
      New link switch_ST1_PR3_UNO_MPI_OMPH ...
      New link switch_ST1_PR3_UNO_MPI_SCRIP ...
      New link switch_ST1_PR3_UNO_OMP ...
      New link switch_ST1_PR3_UNO_SCRIP ...
      New link switch_ST1_PR3_UNO_SCRIP_T38 ...
      New link switch_ST1_PR3_UQ ...
      New link switch_ST1_PR3_UQ_MPI ...
      New link switch_ST1_PR3_UQ_MPI_OMPH ...
      New link switch_ST1_PR3_UQ_MPI_SCRIP ...
      New link switch_ST1_PR3_UQ_OMP ...
      New link switch_ST1_PR3_UQ_SCRIP ...
      New link switch_ST1_PR3_UQ_SCRIP_T38 ...
      New link switch_ST2_PR1 ...
      New link switch_ST2_PR1_MPI ...
      New link switch_ST2_PR1_MPI_OMPH ...
      New link switch_ST2_PR1_OMP ...
      New link switch_ST2_PR2_UNO ...
      New link switch_ST2_PR2_UNO_MPI ...
      New link switch_ST2_PR2_UNO_MPI_OMPH ...
      New link switch_ST2_PR2_UNO_OMP ...
      New link switch_ST2_PR2_UQ ...
      New link switch_ST2_PR2_UQ_MPI ...
      New link switch_ST2_PR2_UQ_MPI_OMPH ...
      New link switch_ST2_PR2_UQ_OMP ...
      New link switch_ST2_PR3_UNO ...
      New link switch_ST2_PR3_UNO_MPI ...
      New link switch_ST2_PR3_UNO_MPI_OMPH ...
      New link switch_ST2_PR3_UNO_MPI_SCRIP ...
      New link switch_ST2_PR3_UNO_MPI_SCRIPNC ...
      New link switch_ST2_PR3_UNO_OMP ...
      New link switch_ST2_PR3_UNO_SCRIP_T38 ...
      New link switch_ST2_PR3_UQ ...
      New link switch_ST2_PR3_UQ_MPI ...
      New link switch_ST2_PR3_UQ_MPI_OMPH ...
      New link switch_ST2_PR3_UQ_MPI_SCRIP ...
      New link switch_ST2_PR3_UQ_MPI_SCRIPNC ...
      New link switch_ST2_PR3_UQ_OMP ...
      New link switch_ST2_PR3_UQ_SCRIP_T38 ...
      New link switch_ST3_PR1 ...
      New link switch_ST3_PR1_MPI ...
      New link switch_ST3_PR1_MPI_OMPH ...
      New link switch_ST3_PR1_OMP ...
      New link switch_ST3_PR2_UNO ...
      New link switch_ST3_PR2_UNO_MPI ...
      New link switch_ST3_PR2_UNO_MPI_OMPH ...
      New link switch_ST3_PR2_UNO_OMP ...
      New link switch_ST3_PR2_UQ ...
      New link switch_ST3_PR2_UQ_MPI ...
      New link switch_ST3_PR2_UQ_MPI_OMPH ...
      New link switch_ST3_PR2_UQ_OMP ...
      New link switch_ST3_PR3_UNO ...
      New link switch_ST3_PR3_UNO_MPI ...
      New link switch_ST3_PR3_UNO_MPI_OMPH ...
      New link switch_ST3_PR3_UNO_OMP ...
      New link switch_ST3_PR3_UQ ...
      New link switch_ST3_PR3_UQ_MPI ...
      New link switch_ST3_PR3_UQ_MPI_OMPH ...
      New link switch_ST3_PR3_UQ_OMP ...
      New link switch_ST4_PR1 ...
      New link switch_ST4_PR1_MPI ...
      New link switch_ST4_PR1_MPI_OMPH ...
      New link switch_ST4_PR1_OMP ...
      New link switch_ST4_PR2_UNO ...
      New link switch_ST4_PR2_UNO_MPI ...
      New link switch_ST4_PR2_UNO_MPI_OMPH ...
      New link switch_ST4_PR2_UNO_OMP ...
      New link switch_ST4_PR2_UQ ...
      New link switch_ST4_PR2_UQ_MPI ...
      New link switch_ST4_PR2_UQ_MPI_OMPH ...
      New link switch_ST4_PR2_UQ_OMP ...
      New link switch_ST4_PR3_UNO ...
      New link switch_ST4_PR3_UNO_MPI ...
      New link switch_ST4_PR3_UNO_MPI_OMPH ...
      New link switch_ST4_PR3_UNO_OMP ...
      New link switch_ST4_PR3_UQ ...
      New link switch_ST4_PR3_UQ_MPI ...
      New link switch_ST4_PR3_UQ_MPI_OMPH ...
      New link switch_ST4_PR3_UQ_OMP ...
      New link switch_ST6_PR1 ...
      New link switch_ST6_PR1_MPI ...
      New link switch_ST6_PR1_MPI_OMPH ...
      New link switch_ST6_PR1_OMP ...
      New link switch_ST6_PR2_UNO ...
      New link switch_ST6_PR2_UNO_MPI ...
      New link switch_ST6_PR2_UNO_MPI_OMPH ...
      New link switch_ST6_PR2_UNO_OMP ...
      New link switch_ST6_PR2_UQ ...
      New link switch_ST6_PR2_UQ_MPI ...
      New link switch_ST6_PR2_UQ_MPI_OMPH ...
      New link switch_ST6_PR2_UQ_OMP ...
      New link switch_ST6_PR3_UNO ...
      New link switch_ST6_PR3_UNO_MPI ...
      New link switch_ST6_PR3_UNO_MPI_OMPH ...
      New link switch_ST6_PR3_UNO_OMP ...
      New link switch_ST6_PR3_UQ ...
      New link switch_ST6_PR3_UQ_MPI ...
      New link switch_ST6_PR3_UQ_MPI_OMPH ...
      New link switch_ST6_PR3_UQ_OMP ...
      New link wind.data ...
      New link ww3_grid_grd0.inp ...
      New link ww3_grid_grd1.inp ...
      New link ww3_grid_grd2.inp ...
      New link ww3_grid_grd3.inp ...
      New link ww3_grid_input.inp ...
      New link ww3_grid_points.inp ...
      New link ww3_multi_grdset_a.inp ...
      New link ww3_multi_grdset_a.nml ...
      New link ww3_multi_grdset_b.inp ...
      New link ww3_multi_grdset_b.nml ...
      New link ww3_multi_grdset_c.inp ...
      New link ww3_multi_grdset_c.nml ...
      New link ww3_multi_grdset_d.inp ...
      New link ww3_multi_grdset_d.nml ...
      New link ww3_multi_grdset_e.inp ...
      New link ww3_multi_grdset_e.nml ...
      New link ww3_ounf.inp ...
      New link ww3_outf.inp ...
      New link ww3_prep_wind.inp ...
      New link ww3_strt.inp ...
      New link info ...
      New link grdset_d ...
      New link latsubLR.dat ...
      New link lonsubLR.dat ...
      New link points.list ...
      New link switch_PR3_UNO ...
      New link switch_PR3_UNO_MPIBDI_SCRIPNC ...
      New link switch_PR3_UNO_MPI_SCRIP ...
      New link switch_PR3_UNO_MPI_SCRIPNC ...
      New link switch_PR3_UNO_MPI_SCRIP_T38 ...
      New link switch_PR3_UNO_SCRIP ...
      New link switch_PR3_UNO_SCRIP_T38 ...
      New link switch_PR3_UQ ...
      New link switch_PR3_UQ_MPIBDI_SCRIPNC ...
      New link switch_PR3_UQ_MPI_SCRIP ...
      New link switch_PR3_UQ_MPI_SCRIPNC ...
      New link switch_PR3_UQ_MPI_SCRIP_T38 ...
      New link switch_PR3_UQ_SCRIP ...
      New link switch_PR3_UQ_SCRIP_T38 ...
      New link ww3_gint_grdset_d.inp ...
      New link ww3_grid_arcticsub.inp ...
      New link ww3_grid_gbandd360.inp ...
      New link ww3_grid_glout.inp ...
      New link ww3_multi_grdset_d.inp ...
      New link ww3_multi_grdset_d.nml ...
      New link ww3_ounf.inp ...
      New link ww3_outf_depth.inp ...
      New link ww3_outf.inp ...
      New link ww3_strt.inp ...
      New link info ...
      New link grdset ...
      New link points.list ...
      New link ref1.msh ...
      New link switch ...
      New link switch_MPI ...
      New link ww3_gint_grdset.inp ...
      New link ww3_grid_points.inp ...
      New link ww3_grid_rect1.inp ...
      New link ww3_grid_refug.inp ...
      New link ww3_grid_zcmpl.inp ...
      New link ww3_multi_grdset.inp ...
      New link ww3_multi_grdset.nml ...
      New link ww3_ounf.inp ...
      New link ww3_ounf_rect1.inp ...
      New link ww3_ounf_zcmpl.inp ...
      New link ww3_strt.inp ...
      New link info ...
      New link grdset_a ...
      New link points.list ...
      New link switch ...
      New link ww3_grid_highres.inp ...
      New link ww3_multi_grdset_a.inp ...
      New link ww3_multi_grdset_a.nml ...
      New link ww3_ounf.inp ...
      New link ww3_outf.inp ...
      New link ww3_prep_ice.inp ...
      New link ww3_prep_wind.inp ...
      New link ww3_strt.inp ...
      New link switch ...
      New link ww3_grid.inp ...
      New link ww3_ounf.inp ...
      New link ww3_outf.inp ...
      New link ww3_prep_ice.inp ...
      New link ww3_prep_wind.inp ...
      New link ww3_shel.inp ...
      New link ww3_strt.inp ...
      New link switch ...
      New link ww3_grid.inp ...
      New link ww3_ounf.inp ...
      New link ww3_outf.inp ...
      New link ww3_prep_ice.inp ...
      New link ww3_prep_wind.inp ...
      New link ww3_shel.inp ...
      New link ww3_strt.inp ...
      New link grdset_a ...
      New link points.list ...
      New link switch ...
      New link ww3_grid_lowres.inp ...
      New link ww3_multi_grdset_a.inp ...
      New link ww3_multi_grdset_a.nml ...
      New link ww3_ounf.inp ...
      New link ww3_outf.inp ...
      New link ww3_prep_ice.inp ...
      New link ww3_prep_wind.inp ...
      New link ww3_strt.inp ...
      New link switch ...
      New link ww3_grid.inp ...
      New link ww3_ounf.inp ...
      New link ww3_outf.inp ...
      New link ww3_prep_ice.inp ...
      New link ww3_prep_wind.inp ...
      New link ww3_shel.inp ...
      New link ww3_strt.inp ...
      New link switch ...
      New link ww3_grid.inp ...
      New link ww3_ounf.inp ...
      New link ww3_outf.inp ...
      New link ww3_prep_ice.inp ...
      New link ww3_prep_wind.inp ...
      New link ww3_shel.inp ...
      New link ww3_strt.inp ...
      New link grdset_a ...
      New link ice1.ascii ...
      New link ice.ascii ...
      New link points.list ...
      New link switch ...
      New link switch_ST4_PR3_UQ_IS2_MPI ...
      New link switch_ST4_PR3_UQ_MPI ...
      New link wnd.ascii ...
      New link ww3_grid_inner.inp ...
      New link ww3_grid_outer.inp ...
      New link ww3_multi_grdset_a.inp ...
      New link ww3_multi_grdset_a.nml ...
      New link ww3_ounf.inp ...
      New link ww3_outf.inp ...
      New link ww3_prep_ice1.inp ...
      New link ww3_prep_ice.inp ...
      New link ww3_prep_wind.inp ...
      New link ww3_strt.inp ...
      New link info ...
      New link mudden.txt ...
      New link mudthk.40cm ...
      New link mudthk.6cm ...
      New link mudvis.txt ...
      New link switch ...
      New link switch_BT8 ...
      New link switch_BT8_MPI ...
      New link switch_BT9 ...
      New link switch_BT9_MPI ...
      New link ww3_grid.inp ...
      New link ww3_ounf.inp ...
      New link ww3_ounp.inp ...
      New link ww3_outf.inp ...
      New link ww3_outp_ITYPE3.inp ...
      New link ww3_outp_spec.inp ...
      New link ww3_outp_tab50.inp ...
      New link ww3_prep_mudd.inp ...
      New link ww3_prep_mudt.inp ...
      New link ww3_prep_mudv.inp ...
      New link ww3_shel.inp ...
      New link ww3_strt.inp ...
      New link info ...
      New link bot.dat ...
      New link iceconc.txt ...
      New link make_nonuniform_nonstationary_mud.m ...
      New link mud_dens.txt ...
      New link mud_thickn.txt ...
      New link mud_visc.txt ...
      New link switch ...
      New link switch_BT8 ...
      New link switch_BT8_MPI ...
      New link switch_BT9 ...
      New link switch_BT9_MPI ...
      New link ww3_grid.inp ...
      New link ww3_ounf.inp ...
      New link ww3_ounp.inp ...
      New link ww3_outf.inp ...
      New link ww3_outp_spec.inp ...
      New link ww3_outp_tab50.inp ...
      New link ww3_outp_tab51.inp ...
      New link ww3_prep_conc.inp ...
      New link ww3_prep_mud1.inp ...
      New link ww3_prep_mud2.inp ...
      New link ww3_prep_mud3.inp ...
      New link ww3_shel.inp ...
      New link ww3_strt.inp ...
      New link info ...
      New link depth1d.flat ...
      New link icecon.13x3.txt ...
      New link switch ...
      New link ww3_grid_10km.inp ...
      New link ww3_grid_20km.inp ...
      New link ww3_grid_5km.inp ...
      New link ww3_ounf.inp ...
      New link ww3_outf.inp ...
      New link ww3_outp_spec.inp ...
      New link ww3_outp_tab50.inp ...
      New link ww3_outp_tab51.inp ...
      New link ww3_prep_icecon.inp ...
      New link ww3_shel.inp ...
      New link ww3_strt.inp ...
      New link switch ...
      New link ww3_grid_1000m.inp ...
      New link ww3_grid_100m.inp ...
      New link ww3_grid_2500m.inp ...
      New link ww3_grid_350m.inp ...
      New link ww3_ounf.inp ...
      New link ww3_outf.inp ...
      New link ww3_outp_spec.inp ...
      New link ww3_outp_tab50.inp ...
      New link ww3_outp_tab51.inp ...
      New link ww3_prep_icecon.inp ...
      New link ww3_shel.inp ...
      New link ww3_strt.inp ...
      New link icecon.txt ...
      New link switch ...
      New link switch_IC2IS2 ...
      New link switch_IS2 ...
      New link ww3_grid_1000m.inp ...
      New link ww3_grid_1000m_lf.inp ...
      New link ww3_grid_1000m_nondisp.inp ...
      New link ww3_ounf.inp ...
      New link ww3_outf.inp ...
      New link ww3_outp_spec.inp ...
      New link ww3_outp_tab50.inp ...
      New link ww3_outp_tab51.inp ...
      New link ww3_prep_ice1.inp.not_used ...
      New link ww3_prep_icecon.inp ...
      New link ww3_shel.inp ...
      New link ww3_strt.inp ...
      New link icecon.156x3.txt ...
      New link switch ...
      New link ww3_grid.inp ...
      New link ww3_ounf.inp ...
      New link ww3_outf.inp ...
      New link ww3_prep_icecon.inp ...
      New link ww3_shel.inp ...
      New link ww3_strt.inp ...
      New link icecon.156x3.40percent ...
      New link switch ...
      New link ww3_grid_1000m.inp ...
      New link ww3_grid_1000m_nondisp.inp ...
      New link ww3_ounf.inp ...
      New link ww3_outf.inp ...
      New link ww3_outp_spec.inp ...
      New link ww3_outp_tab50.inp ...
      New link ww3_outp_tab51.inp ...
      New link ww3_prep_ice1.inp.not_used ...
      New link ww3_prep_icecon.inp ...
      New link ww3_shel.inp ...
      New link ww3_strt.inp ...
      New link switch ...
      New link ww3_grid_1000m.inp ...
      New link ww3_grid_2500m.inp ...
      New link ww3_grid_350m.inp ...
      New link ww3_grid_CGICE_NOCHENG.inp ...
      New link ww3_grid_CGOW_NOCHENG.inp ...
      New link ww3_ounf.inp ...
      New link ww3_outf.inp ...
      New link ww3_outp_spec.inp ...
      New link ww3_outp_tab50.inp ...
      New link ww3_outp_tab51.inp ...
      New link ww3_prep_icecon.inp ...
      New link ww3_shel.inp ...
      New link ww3_strt.inp ...
      New link switch ...
      New link switch_MPI ...
      New link ww3_grid_CGICE_CHENG.inp ...
      New link ww3_grid_CGOW_CHENG.inp ...
      New link ww3_grid_CGOW_NOCHENG.inp ...
      New link ww3_outf.inp ...
      New link ww3_outp_spec.inp ...
      New link ww3_outp_tab50.inp ...
      New link ww3_outp_tab51.inp ...
      New link ww3_prep_icecon.inp ...
      New link ww3_shel.inp ...
      New link ww3_strt.inp ...
      New link switch ...
      New link ww3_grid.inp ...
      New link ww3_ounf.inp ...
      New link ww3_outf.inp ...
      New link ww3_prep_icecon.inp ...
      New link ww3_shel.inp ...
      New link ww3_strt.inp ...
      New link switch ...
      New link ww3_grid_1000m.inp ...
      New link ww3_ounf.inp ...
      New link ww3_outf.inp ...
      New link ww3_outp_spec.inp ...
      New link ww3_outp_tab50.inp ...
      New link ww3_outp_tab51.inp ...
      New link ww3_prep_icecon.inp ...
      New link ww3_shel.inp ...
      New link ww3_strt.inp ...
      New link switch ...
      New link ww3_grid_1000m.inp ...
      New link ww3_ounf.inp ...
      New link ww3_outf.inp ...
      New link ww3_outp_spec.inp ...
      New link ww3_outp_tab50.inp ...
      New link ww3_outp_tab51.inp ...
      New link ww3_prep_icecon.inp ...
      New link ww3_shel.inp ...
      New link ww3_strt.inp ...
      New link switch ...
      New link ww3_grid_1000m.inp ...
      New link ww3_ounf.inp ...
      New link ww3_outf.inp ...
      New link ww3_outp_spec.inp ...
      New link ww3_outp_tab50.inp ...
      New link ww3_outp_tab51.inp ...
      New link ww3_prep_icecon.inp ...
      New link ww3_shel.inp ...
      New link ww3_strt.inp ...
      New link switch ...
      New link ww3_grid_1000m.inp ...
      New link ww3_ounf.inp ...
      New link ww3_outf.inp ...
      New link ww3_outp_spec.inp ...
      New link ww3_outp_tab50.inp ...
      New link ww3_outp_tab51.inp ...
      New link ww3_prep_icecon.inp ...
      New link ww3_shel.inp ...
      New link ww3_strt.inp ...
      New link switch ...
      New link ww3_grid_1000m.inp ...
      New link ww3_ounf.inp ...
      New link ww3_outf.inp ...
      New link ww3_outp_spec.inp ...
      New link ww3_outp_tab50.inp ...
      New link ww3_outp_tab51.inp ...
      New link ww3_prep_icecon.inp ...
      New link ww3_shel.inp ...
      New link ww3_strt.inp ...
      New link switch ...
      New link ww3_grid_206H.inp ...
      New link ww3_grid.inp ...
      New link ww3_ounf.inp ...
      New link ww3_outf.inp ...
      New link ww3_outp_spec.inp ...
      New link ww3_outp_tab50.inp ...
      New link ww3_outp_tab51.inp ...
      New link ww3_prep_icecon.inp ...
      New link ww3_shel.inp ...
      New link ww3_strt.inp ...
      New link depth1d.flat ...
      New link icec1.txt ...
      New link icecon.txt ...
      New link switch ...
      New link ww3_grid_1000m.inp ...
      New link ww3_grid_1000m_v2.inp ...
      New link ww3_ounf.inp ...
      New link ww3_outf.inp ...
      New link ww3_outp_spec.inp ...
      New link ww3_outp_tab50.inp ...
      New link ww3_outp_tab51.inp ...
      New link ww3_prep_ice1.inp ...
      New link ww3_prep_icecon.inp ...
      New link ww3_shel.inp ...
      New link ww3_strt.inp ...
      New link info ...
      New link bot.dat ...
      New link icecon.txt ...
      New link icepar1.dat ...
      New link icepar2.dat ...
      New link icepar3.dat ...
      New link icepar4.dat ...
      New link switch ...
      New link switch_MPI ...
      New link ww3_grid.inp ...
      New link ww3_ounf.inp ...
      New link ww3_ounp.inp ...
      New link ww3_outf.inp ...
      New link ww3_outp_spec.inp ...
      New link ww3_outp_tab50.inp ...
      New link ww3_outp_tab51.inp ...
      New link ww3_prep_ice1.inp ...
      New link ww3_prep_ice2.inp ...
      New link ww3_prep_ice3.inp ...
      New link ww3_prep_ice4.inp ...
      New link ww3_prep_icecon.inp ...
      New link ww3_shel.inp ...
      New link ww3_strt.inp ...
      New link bot.dat ...
      New link icecon.txt ...
      New link icepar1.dat ...
      New link icepar2.dat ...
      New link icepar3.dat ...
      New link icepar4.dat ...
      New link switch ...
      New link switch_MPI ...
      New link ww3_grid.inp ...
      New link ww3_ounf.inp ...
      New link ww3_ounp.inp ...
      New link ww3_outf.inp ...
      New link ww3_outp_spec.inp ...
      New link ww3_outp_tab50.inp ...
      New link ww3_outp_tab51.inp ...
      New link ww3_prep_ice1.inp ...
      New link ww3_prep_ice2.inp ...
      New link ww3_prep_ice3.inp ...
      New link ww3_prep_ice4.inp ...
      New link ww3_prep_icecon.inp ...
      New link ww3_shel.inp ...
      New link ww3_strt.inp ...
      New link bot.dat ...
      New link icecon.txt ...
      New link icepar1.dat ...
      New link icepar2.dat ...
      New link icepar3.dat ...
      New link icepar4.dat ...
      New link switch ...
      New link switch_MPI ...
      New link ww3_grid.inp ...
      New link ww3_ounf.inp ...
      New link ww3_ounp.inp ...
      New link ww3_outf.inp ...
      New link ww3_outp_spec.inp ...
      New link ww3_outp_tab50.inp ...
      New link ww3_outp_tab51.inp ...
      New link ww3_prep_ice1.inp ...
      New link ww3_prep_ice2.inp ...
      New link ww3_prep_ice3.inp ...
      New link ww3_prep_ice4.inp ...
      New link ww3_prep_icecon.inp ...
      New link ww3_shel.inp ...
      New link ww3_strt.inp ...
      New link bot.dat ...
      New link icecon.txt ...
      New link icepar1.dat ...
      New link icepar2.dat ...
      New link icepar3.dat ...
      New link icepar4.dat ...
      New link switch ...
      New link switch_MPI ...
      New link ww3_grid.inp ...
      New link ww3_ounf.inp ...
      New link ww3_ounp.inp ...
      New link ww3_outf.inp ...
      New link ww3_outp_spec.inp ...
      New link ww3_outp_tab50.inp ...
      New link ww3_outp_tab51.inp ...
      New link ww3_prep_ice1.inp ...
      New link ww3_prep_ice2.inp ...
      New link ww3_prep_ice3.inp ...
      New link ww3_prep_ice4.inp ...
      New link ww3_prep_icecon.inp ...
      New link ww3_shel.inp ...
      New link ww3_strt.inp ...
      New link bot.dat ...
      New link icecon.txt ...
      New link icepar1.dat ...
      New link icepar2.dat ...
      New link icepar3.dat ...
      New link icepar4.dat ...
      New link switch ...
      New link switch_MPI ...
      New link ww3_grid.inp ...
      New link ww3_ounf.inp ...
      New link ww3_ounp.inp ...
      New link ww3_outf.inp ...
      New link ww3_outp_spec.inp ...
      New link ww3_outp_tab50.inp ...
      New link ww3_outp_tab51.inp ...
      New link ww3_prep_ice1.inp ...
      New link ww3_prep_ice2.inp ...
      New link ww3_prep_ice3.inp ...
      New link ww3_prep_ice4.inp ...
      New link ww3_prep_icecon.inp ...
      New link ww3_shel.inp ...
      New link ww3_strt.inp ...
      New link bot.dat ...
      New link icecon.txt ...
      New link icepar1.dat ...
      New link icepar2.dat ...
      New link icepar3.dat ...
      New link icepar4.dat ...
      New link switch ...
      New link switch_MPI ...
      New link ww3_grid.inp ...
      New link ww3_ounf.inp ...
      New link ww3_ounp.inp ...
      New link ww3_outf.inp ...
      New link ww3_outp_spec.inp ...
      New link ww3_outp_tab50.inp ...
      New link ww3_outp_tab51.inp ...
      New link ww3_prep_ice1.inp ...
      New link ww3_prep_ice2.inp ...
      New link ww3_prep_ice3.inp ...
      New link ww3_prep_ice4.inp ...
      New link ww3_prep_icecon.inp ...
      New link ww3_shel.inp ...
      New link ww3_strt.inp ...
      New link bot.dat ...
      New link icecon.txt ...
      New link icepar1.dat ...
      New link icepar2.dat ...
      New link icepar4.dat ...
      New link switch ...
      New link switch_MPI ...
      New link ww3_grid.inp ...
      New link ww3_ounf.inp ...
      New link ww3_ounp.inp ...
      New link ww3_outf.inp ...
      New link ww3_outp_spec.inp ...
      New link ww3_outp_tab50.inp ...
      New link ww3_outp_tab51.inp ...
      New link ww3_prep_ice1.inp ...
      New link ww3_prep_icecon.inp ...
      New link ww3_shel.inp ...
      New link ww3_strt.inp ...
      New link bot.dat ...
      New link icecon.txt ...
      New link icepar1.dat ...
      New link icepar2.dat ...
      New link icepar3.dat ...
      New link icepar4.dat ...
      New link switch ...
      New link ww3_grid.inp ...
      New link ww3_ounf.inp ...
      New link ww3_ounp.inp ...
      New link ww3_outf.inp ...
      New link ww3_outp_spec.inp ...
      New link ww3_outp_tab50.inp ...
      New link ww3_outp_tab51.inp ...
      New link ww3_prep_ice1.inp ...
      New link ww3_prep_ice2.inp ...
      New link ww3_prep_ice3.inp ...
      New link ww3_prep_ice4.inp ...
      New link ww3_prep_icecon.inp ...
      New link ww3_shel.inp ...
      New link ww3_strt.inp ...
      New link bot.dat ...
      New link icecon.txt ...
      New link icepar1.dat ...
      New link icepar2.dat ...
      New link icepar3.dat ...
      New link icepar4.dat ...
      New link switch ...
      New link ww3_grid.inp ...
      New link ww3_ounf.inp ...
      New link ww3_ounp.inp ...
      New link ww3_outf.inp ...
      New link ww3_outp_spec.inp ...
      New link ww3_outp_tab50.inp ...
      New link ww3_outp_tab51.inp ...
      New link ww3_prep_ice1.inp ...
      New link ww3_prep_ice2.inp ...
      New link ww3_prep_ice3.inp ...
      New link ww3_prep_ice4.inp ...
      New link ww3_prep_icecon.inp ...
      New link ww3_shel.inp ...
      New link ww3_strt.inp ...
      New link info ...
      New link bot.dat ...
      New link icecon.txt ...
      New link icepar1.dat ...
      New link icepar2.dat ...
      New link icepar3.dat ...
      New link icepar4.dat ...
      New link switch_PR1_REFRX ...
      New link switch_PR2_UNO_REFRX ...
      New link switch_PR2_UQ_REFRX ...
      New link switch_PR3_UNO_REFRX ...
      New link switch_PR3_UQ_REFRX ...
      New link ww3_grid.inp ...
      New link ww3_ounf.inp ...
      New link ww3_ounp.inp ...
      New link ww3_outf.inp ...
      New link ww3_outp_spec.inp ...
      New link ww3_outp_tab50.inp ...
      New link ww3_outp_tab51.inp ...
      New link ww3_prep_ice1.inp ...
      New link ww3_prep_ice2.inp ...
      New link ww3_prep_ice3.inp ...
      New link ww3_prep_ice4.inp ...
      New link ww3_prep_icecon.inp ...
      New link ww3_shel.inp ...
      New link ww3_strt.inp ...
      New link bot.dat ...
      New link icecon.txt ...
      New link icepar1.dat ...
      New link icepar2.dat ...
      New link icepar3.dat ...
      New link icepar4.dat ...
      New link switch_PR1_REFRX ...
      New link switch_PR2_UNO_REFRX ...
      New link switch_PR2_UQ_REFRX ...
      New link switch_PR3_UNO_REFRX ...
      New link switch_PR3_UQ_REFRX ...
      New link ww3_grid.inp ...
      New link ww3_ounf.inp ...
      New link ww3_ounp.inp ...
      New link ww3_outf.inp ...
      New link ww3_outp_spec.inp ...
      New link ww3_outp_tab50.inp ...
      New link ww3_outp_tab51.inp ...
      New link ww3_prep_ice1.inp ...
      New link ww3_prep_ice2.inp ...
      New link ww3_prep_ice3.inp ...
      New link ww3_prep_ice4.inp ...
      New link ww3_prep_icecon.inp ...
      New link ww3_shel.inp ...
      New link ww3_strt.inp ...
      New link bot.dat ...
      New link boto.dat ...
      New link icecon.txt ...
      New link icepar1.dat ...
      New link switch_PR1_REFRX ...
      New link switch_PR2_UNO_REFRX ...
      New link switch_PR2_UQ_REFRX ...
      New link switch_PR3_UNO_REFRX ...
      New link switch_PR3_UQ_REFRX ...
      New link ww3_grid.inp ...
      New link ww3_ounf.inp ...
      New link ww3_ounp.inp ...
      New link ww3_outf.inp ...
      New link ww3_outp_spec.inp ...
      New link ww3_outp_tab50.inp ...
      New link ww3_outp_tab51.inp ...
      New link ww3_prep_ice1.inp ...
      New link ww3_prep_icecon.inp ...
      New link ww3_shel.inp ...
      New link ww3_strt.inp ...
      New link bot.dat ...
      New link icecon.txt ...
      New link icepar1_1.dat ...
      New link icepar1_2.dat ...
      New link icepar1.dat ...
      New link icepar2.dat ...
      New link icepar3.dat ...
      New link icepar4_100000.dat ...
      New link icepar4_1000.dat ...
      New link icepar4.dat ...
      New link switch_PR1_REFRX ...
      New link switch_PR2_UNO_REFRX ...
      New link switch_PR2_UQ_REFRX ...
      New link switch_PR3_UNO_REFRX ...
      New link switch_PR3_UQ_REFRX ...
      New link ww3_grid.inp ...
      New link ww3_ounf.inp ...
      New link ww3_ounp.inp ...
      New link ww3_outf.inp ...
      New link ww3_outp_spec.inp ...
      New link ww3_outp_tab50.inp ...
      New link ww3_outp_tab51.inp ...
      New link ww3_prep_ice1.inp ...
      New link ww3_prep_ice2.inp ...
      New link ww3_prep_ice3.inp ...
      New link ww3_prep_ice4.inp ...
      New link ww3_prep_icecon.inp ...
      New link ww3_shel.inp ...
      New link ww3_strt.inp ...
      New link bot.dat ...
      New link icecon.txt ...
      New link icepar1.dat ...
      New link icepar2.dat ...
      New link icepar3.dat ...
      New link icepar4.dat ...
      New link switch_PR1_REFRX ...
      New link switch_PR2_UNO_REFRX ...
      New link switch_PR2_UQ_REFRX ...
      New link switch_PR3_UNO_REFRX ...
      New link switch_PR3_UQ_REFRX ...
      New link ww3_grid.inp ...
      New link ww3_ounf.inp ...
      New link ww3_ounp.inp ...
      New link ww3_outf.inp ...
      New link ww3_outp_spec.inp ...
      New link ww3_outp_tab50.inp ...
      New link ww3_outp_tab51.inp ...
      New link ww3_prep_ice1.inp ...
      New link ww3_prep_ice2.inp ...
      New link ww3_prep_ice3.inp ...
      New link ww3_prep_ice4.inp ...
      New link ww3_prep_icecon.inp ...
      New link ww3_shel.inp ...
      New link ww3_strt.inp ...
      New link info ...
      New link depth1d.flat ...
      New link ice1.nc ...
      New link ice5.nc ...
      New link ice.nc ...
      New link switch_IC0IS2 ...
      New link switch_IC1IS2 ...
      New link switch_IC2IS2 ...
      New link ww3_grid_1000m.inp ...
      New link ww3_grid_IC2_1000m.inp ...
      New link ww3_grid_IC2b_1000m.inp ...
      New link ww3_grid_IC2c_1000m.inp ...
      New link ww3_grid_IC2d_1000m.inp ...
      New link ww3_ounf.inp ...
      New link ww3_ounp.inp ...
      New link ww3_ounp_src.inp ...
      New link ww3_prnc_ice1.inp ...
      New link ww3_prnc_ice5.inp ...
      New link ww3_prnc_ice.inp ...
      New link ww3_shel.inp ...
      New link ww3_strt.inp ...
      New link info ...
      New link bot.dat ...
      New link icecon.txt ...
      New link iceparam1.txt ...
      New link switch ...
      New link ww3_grid.inp ...
      New link ww3_ounf.inp ...
      New link ww3_ounp.inp ...
      New link ww3_outf.inp ...
      New link ww3_outp_spec.inp ...
      New link ww3_outp_tab50.inp ...
      New link ww3_outp_tab51.inp ...
      New link ww3_prep_ice1.inp ...
      New link ww3_prep_ice.inp ...
      New link ww3_shel.inp ...
      New link ww3_strt.inp ...
      New link bot.dat ...
      New link icecon.txt ...
      New link iceparam1.txt ...
      New link switch ...
      New link ww3_grid.inp ...
      New link ww3_ounf.inp ...
      New link ww3_ounp.inp ...
      New link ww3_outf.inp ...
      New link ww3_outp_spec.inp ...
      New link ww3_outp_tab50.inp ...
      New link ww3_outp_tab51.inp ...
      New link ww3_prep_ice1.inp ...
      New link ww3_prep_ice.inp ...
      New link ww3_shel.inp ...
      New link ww3_strt.inp ...
      New link info ...
      New link ice5.txt ...
      New link icecon.txt ...
      New link iceparam1.txt ...
      New link switch ...
      New link ww3_grid.inp ...
      New link ww3_ounf.inp ...
      New link ww3_ounp.inp ...
      New link ww3_outf.inp ...
      New link ww3_outp_spec.inp ...
      New link ww3_outp_tab50.inp ...
      New link ww3_outp_tab51.inp ...
      New link ww3_prep_ice5.inp ...
      New link ww3_prep_ice.inp ...
      New link ww3_shel.inp ...
      New link ww3_strt.inp ...
      New link bot.dat ...
      New link ice5.txt ...
      New link icecon.txt ...
      New link iceparam1.txt ...
      New link switch ...
      New link test.obs ...
      New link ww3_grid.inp ...
      New link ww3_ounf.inp ...
      New link ww3_ounp.inp ...
      New link ww3_outf.inp ...
      New link ww3_outp_spec.inp ...
      New link ww3_outp_tab50.inp ...
      New link ww3_outp_tab51.inp ...
      New link ww3_prep_ice5.inp ...
      New link ww3_prep_ice.inp ...
      New link ww3_shel.inp ...
      New link ww3_strt.inp ...
      New link info ...
      New link ice5.txt ...
      New link icecon.txt ...
      New link iceparam1.txt ...
      New link switch_IC2IS2 ...
      New link ww3_grid_creepOnly.inp ...
      New link ww3_grid_creep_scat.inp ...
      New link ww3_grid_dissipOnly.inp ...
      New link ww3_grid_dissip_scat.inp ...
      New link ww3_grid_scat.inp ...
      New link ww3_ounf.inp ...
      New link ww3_ounp.inp ...
      New link ww3_outf.inp ...
      New link ww3_outp_spec.inp ...
      New link ww3_outp_tab50.inp ...
      New link ww3_outp_tab51.inp ...
      New link ww3_prep_ice1.inp ...
      New link ww3_prep_ice5.inp ...
      New link ww3_prep_ice.inp ...
      New link ww3_shel.inp ...
      New link ww3_strt.inp ...
      New link info ...
      New link ww3_outp_spec.inp ...
      New link switch ...
      New link ww3_grid.inp ...
      New link ww3_ounp.inp ...
      New link ww3_shel.inp ...
      New link ww3_strt.inp ...
      New link plotspec.m ...
      New link readWWNC_SPEC.m ...
      New link info ...
      New link switch ...
      New link switch_PR1 ...
      New link switch_PR2_UNO ...
      New link switch_PR2_UQ ...
      New link switch_PR3_UNO ...
      New link switch_PR3_UQ ...
      New link ww3_grid.inp ...
      New link ww3_ounf.inp ...
      New link ww3_ounp.inp ...
      New link ww3_outf.inp ...
      New link ww3_outp.inp ...
      New link ww3_shel.inp ...
      New link ww3_strt.inp ...
      New link switch ...
      New link switch_PR1 ...
      New link switch_PR2_UNO ...
      New link switch_PR2_UQ ...
      New link switch_PR3_UNO ...
      New link switch_PR3_UQ ...
      New link ww3_grid.inp ...
      New link ww3_ounf.inp ...
      New link ww3_outf.inp ...
      New link ww3_outp.inp ...
      New link ww3_shel.inp ...
      New link ww3_strt.inp ...
      New link info ...
      New link switch ...
      New link switch_PR1 ...
      New link switch_PR2_UNO ...
      New link switch_PR2_UQ ...
      New link switch_PR3_UNO ...
      New link switch_PR3_UQ ...
      New link ww3_grid.inp ...
      New link ww3_ounf.inp ...
      New link ww3_outf.inp ...
      New link ww3_shel.inp ...
      New link ww3_strt.inp ...
      New link info ...
      New link switch ...
      New link switch_PR1 ...
      New link switch_PR2_UNO ...
      New link switch_PR2_UQ ...
      New link switch_PR3_UNO ...
      New link switch_PR3_UQ ...
      New link ww3_grid.inp ...
      New link ww3_ounf.inp ...
      New link ww3_outf_depth.inp ...
      New link ww3_outf_flds_hrly.inp ...
      New link ww3_outf_Hxy.inp ...
      New link ww3_outf_whgt_end.inp ...
      New link ww3_shel.inp ...
      New link ww3_strt.inp ...
      New link info ...
      New link switch ...
      New link switch_PR1 ...
      New link switch_PR2_UNO ...
      New link switch_PR2_UQ ...
      New link switch_PR3_UNO ...
      New link switch_PR3_UQ ...
      New link ww3_grid.inp ...
      New link ww3_ounf.inp ...
      New link ww3_ounp.inp ...
      New link ww3_outf.inp ...
      New link ww3_outp_spec.inp ...
      New link ww3_outp_tab50.inp ...
      New link ww3_outp_tab51.inp ...
      New link ww3_shel.inp ...
      New link ww3_strt.inp ...
      New link info ...
      New link switch ...
      New link switch_PR1 ...
      New link switch_PR2_UNO ...
      New link switch_PR2_UQ ...
      New link switch_PR3_UNO ...
      New link switch_PR3_UQ ...
      New link ww3_grid.inp ...
      New link ww3_ounf.inp ...
      New link ww3_ounp.inp ...
      New link ww3_outf.inp ...
      New link ww3_outp_spec.inp ...
      New link ww3_outp_tab50.inp ...
      New link ww3_outp_tab51.inp ...
      New link ww3_shel.inp ...
      New link ww3_strt.inp ...
      New link info ...
      New link switch ...
      New link switch_PR1 ...
      New link switch_PR2_UNO ...
      New link switch_PR2_UQ ...
      New link switch_PR3_UNO ...
      New link switch_PR3_UQ ...
      New link ww3_grid.inp ...
      New link ww3_ounf.inp ...
      New link ww3_ounp.inp ...
      New link ww3_outf.inp ...
      New link ww3_outp.inp ...
      New link ww3_outp_p05.inp ...
      New link ww3_outp_p10.inp ...
      New link ww3_outp_p15.inp ...
      New link ww3_outp_p20.inp ...
      New link ww3_prep_curr.inp ...
      New link ww3_shel.inp ...
      New link ww3_strt.inp ...
      New link switch ...
      New link switch_PR1 ...
      New link switch_PR2_UNO ...
      New link switch_PR2_UQ ...
      New link switch_PR3_UNO ...
      New link switch_PR3_UQ ...
      New link ww3_grid.inp ...
      New link ww3_outf.inp ...
      New link ww3_outp.inp ...
      New link ww3_outp_p05.inp ...
      New link ww3_outp_p10.inp ...
      New link ww3_outp_p15.inp ...
      New link ww3_outp_p20.inp ...
      New link ww3_prep_curr.inp ...
      New link ww3_shel.inp ...
      New link ww3_strt.inp ...
      New link info ...
      New link switch ...
      New link ww3_grid.inp ...
      New link ww3_ounf.inp ...
      New link ww3_ounp.inp ...
      New link ww3_outf.inp ...
      New link ww3_outp.inp ...
      New link ww3_shel.inp ...
      New link ww3_strt.inp ...
      New link switch ...
      New link ww3_grid.inp ...
      New link ww3_ounf.inp ...
      New link ww3_ounp.inp ...
      New link ww3_outf.inp ...
      New link ww3_outp.inp ...
      New link ww3_shel.inp ...
      New link ww3_strt.inp ...
      New link info ...
      New link BathyWW3.dat ...
      New link switch ...
      New link ww3_grid.inp ...
      New link ww3_ounf.inp ...
      New link ww3_ounp.inp ...
      New link ww3_outf.inp ...
      New link ww3_outp.inp ...
      New link ww3_shel.inp ...
      New link ww3_strt.inp ...
      New link BathyWW3.dat ...
      New link GridWW3.dat ...
      New link switch ...
      New link ww3_grid.inp ...
      New link ww3_ounf.inp ...
      New link ww3_outf.inp ...
      New link ww3_outp.inp ...
      New link ww3_shel.inp ...
      New link ww3_strt.inp ...
      New link info ...
      New link switch ...
      New link switch_MPI ...
      New link ww3_grid.inp ...
      New link ww3_ounf.inp ...
      New link ww3_ounp.inp ...
      New link ww3_outf.inp ...
      New link ww3_outp.inp ...
      New link ww3_shel.inp ...
      New link ww3_strt.inp ...
      New link info ...
      New link gx_outf.inp ...
      New link map2_1.gs ...
      New link switch ...
      New link switch_PR1 ...
      New link switch_PR1_MPI ...
      New link switch_PR2_UNO ...
      New link switch_PR2_UNO_MPI ...
      New link switch_PR2_UQ ...
      New link switch_PR2_UQ_MPI ...
      New link switch_PR3_UNO ...
      New link switch_PR3_UNO_MPI ...
      New link switch_PR3_UQ ...
      New link switch_PR3_UQ_MPI ...
      New link ww3_grid_a.inp ...
      New link ww3_grid_b.inp ...
      New link ww3_grid_b_pseudo.inp ...
      New link ww3_grid_c.inp ...
      New link ww3_grid.inp ...
      New link ww3_multi.inp ...
      New link ww3_ounf_flds_hrly.inp ...
      New link ww3_ounf.inp ...
      New link ww3_outf_flds_hrly.inp ...
      New link ww3_outf.inp ...
      New link ww3_shel.inp ...
      New link ww3_strt.inp ...
      New link xgrd.2.1b.inp ...
      New link xgrd.2.1c.dat ...
      New link ygrd.2.1b.inp ...
      New link ygrd.2.1c.dat ...
      New link info ...
      New link ErieISide.dat ...
      New link ErieJSide.dat ...
      New link ErieObstr.dat ...
      New link ErieSMCel.dat ...
      New link switch ...
      New link switch_MPI ...
      New link ww3_grid.inp ...
      New link ww3_ounf.inp ...
      New link ww3_ounp.inp ...
      New link ww3_outf.inp ...
      New link ww3_outp.inp ...
      New link ww3_shel.inp ...
      New link ww3_strt.inp ...
      New link info ...
      New link NAEWAnglD.dat ...
      New link NAEWbndys.dat ...
      New link NAEWDepth.dat ...
      New link NAEWMasks.dat ...
      New link NAEWSubtr.dat ...
      New link switch ...
      New link switch_MPI ...
      New link ww3_grid.inp ...
      New link ww3_ounf.inp ...
      New link ww3_ounp.inp ...
      New link ww3_outf.inp ...
      New link ww3_outp.inp ...
      New link ww3_shel.inp ...
      New link ww3_strt.inp ...
      New link info ...
      New link glo_30m.bot ...
      New link glo_30m.mask ...
      New link glo_30m.obst ...
      New link partition.ww3 ...
      New link switch ...
      New link switch_PR1 ...
      New link switch_PR1_MPI ...
      New link ww3_grid.inp ...
      New link ww3_systrk.inp ...
      New link depth.png ...
      New link distance_on_ii.png ...
      New link distance_on_jj.png ...
      New link i_index_active_points_zoom1.png ...
      New link i_index_active_points_zoom2.png ...
      New link info ...
      New link j_index.png ...
      New link depth.1500x200 ...
      New link lat.1500x200 ...
      New link lon.1500x200 ...
      New link mask1.1500x200 ...
      New link switch_PR1 ...
      New link switch_PR1_MPI ...
      New link switch_PR3_UQ ...
      New link switch_PR3_UQ_MPI ...
      New link ww3_grid.inp ...
      New link ww3_grid_TRPL.inp ...
      New link ww3_ounf.inp ...
      New link ww3_outf_depth.inp ...
      New link ww3_outf.inp ...
      New link ww3_shel.inp ...
      New link ww3_strt.inp ...
      New link info ...
      New link iro_1p5k.bot ...
      New link namcouple.OASACM ...
      New link namcouple.OASOCM ...
      New link plot_coupling_model_toy.py ...
      New link prep_env.sh ...
      New link r-ww3.nc.OASACM ...
      New link r-ww3.nc.OASOCM ...
      New link switch_OASACM ...
      New link switch_OASOCM ...
      New link TOYNAMELIST.nam.OASACM ...
      New link TOYNAMELIST.nam.OASOCM ...
      New link ww3_grid.inp ...
      New link ww3_ounf.inp ...
      New link ww3_shel.inp.OASACM ...
      New link ww3_shel.inp.OASOCM ...
      New link ww3_strt.inp ...
      New link Create_grid_and_restart_files_for_TOY.py ...
      New link decomp_def.F90 ...
      New link function_sent.F90 ...
      New link grid_toy_model.nc ...
      New link Makefile ...
      New link read_dimgrid.F90 ...
      New link read_forcing.F90 ...
      New link read_grid.F90 ...
      New link readme ...
      New link read_namelist.F90 ...
      New link routine_hdlerr.F90 ...
      New link r-toy.nc.OASACM ...
      New link r-toy.nc.OASOCM ...
      New link toy_coupled_field.nc.OASACM ...
      New link toy_coupled_field.nc.OASOCM ...
      New link toy_model.F90 ...
      New link info ...
      New link extract_AA_STE.m ...
      New link lat_ste_adri_15km.dat ...
      New link lat_ste_adri_5km.dat ...
      New link lon_ste_adri_15km.dat ...
      New link lon_ste_adri_5km.dat ...
      New link ste_adri_15km_etopo1.depth ...
      New link ste_adri_15km_etopo1.mask ...
      New link ste_adri_15km_etopo1.obstr ...
      New link ste_adri_5km_etopo1.depth ...
      New link ste_adri_5km_etopo1.mask ...
      New link ste_adri_5km_etopo1.obstr ...
      New link switch ...
      New link switch_MPI ...
      New link wind.nc ...
      New link ww3_grid_5km.inp ...
      New link ww3_grid.inp ...
      New link ww3_ounf.inp ...
      New link ww3_ounp_par.inp ...
      New link ww3_ounp_spec.inp ...
      New link ww3_outf.inp ...
      New link ww3_prnc.inp ...
      New link ww3_shel.inp ...
      New link ww3_strt.inp ...
      New link info ...
      New link gx_outf.inp ...
      New link map2_2.gs ...
      New link switch ...
      New link switch_PR1 ...
      New link switch_PR1_MPI ...
      New link switch_PR2_UNO ...
      New link switch_PR2_UNO_MPI ...
      New link switch_PR2_UQ ...
      New link switch_PR2_UQ_MPI ...
      New link switch_PR2_UQ_NC4_MPI ...
      New link switch_PR3_UNO ...
      New link switch_PR3_UNO_MPI ...
      New link switch_PR3_UQ ...
      New link switch_PR3_UQ_MPI ...
      New link track_i.ww3 ...
      New link ww3_grid.inp ...
      New link ww3_multi.inp ...
      New link ww3_ounf.inp ...
      New link ww3_ounp.inp ...
      New link ww3_outf.inp ...
      New link ww3_outp_spec.inp ...
      New link ww3_outp_tab51.inp ...
      New link ww3_outp_tab52.inp ...
      New link ww3_outp_tab53.inp ...
      New link ww3_shel.inp ...
      New link ww3_strt.inp ...
      New link ww3_trck.inp ...
      New link ww3_trnc.inp ...
      New link info ...
      New link grads.sh ...
      New link gx_outf.inp ...
      New link map2_3.gs ...
      New link switch ...
      New link switch_PR1 ...
      New link switch_PR1_MPI ...
      New link switch_PR2_UNO ...
      New link switch_PR2_UNO_MPI ...
      New link switch_PR2_UQ ...
      New link switch_PR2_UQ_MPI ...
      New link switch_PR3_UNO ...
      New link switch_PR3_UNO_MPI ...
      New link switch_PR3_UNO_NC4 ...
      New link switch_PR3_UQ ...
      New link switch_PR3_UQ_MPI ...
      New link switch_PR3_UQ_NC4 ...
      New link ww3_grid.inp ...
      New link ww3_ounf.inp ...
      New link ww3_outf.inp ...
      New link ww3_shel.inp ...
      New link ww3_strt.inp ...
      New link info ...
      New link depth.169x139.IDLA1.dat ...
      New link depth.225x106.IDLA1.dat ...
      New link lat.169x139.IDLA1.dat ...
      New link lon.169x139.IDLA1.dat ...
      New link switch ...
      New link switch_PR1 ...
      New link switch_PR1_MPI ...
      New link switch_PR2_UNO ...
      New link switch_PR2_UNO_MPI ...
      New link switch_PR2_UQ ...
      New link switch_PR2_UQ_MPI ...
      New link switch_PR3_UNO ...
      New link switch_PR3_UNO_MPI ...
      New link switch_PR3_UQ ...
      New link switch_PR3_UQ_MPI ...
      New link ww3_grid_curv.inp ...
      New link ww3_grid.inp ...
      New link ww3_ounf.inp ...
      New link ww3_outf_depth.inp ...
      New link ww3_outf.inp ...
      New link ww3_shel.inp ...
      New link ww3_strt.inp ...
      New link info ...
      New link depth.361x361.IDLA1.dat ...
      New link lat.361x361.IDLA1.dat ...
      New link lon.361x361.IDLA1.dat ...
      New link switch ...
      New link switch_PR1 ...
      New link switch_PR1_MPI ...
      New link switch_PR2_UNO ...
      New link switch_PR2_UNO_MPI ...
      New link switch_PR2_UQ ...
      New link switch_PR2_UQ_MPI ...
      New link switch_PR3_UNO ...
      New link switch_PR3_UNO_MPI ...
      New link switch_PR3_UQ ...
      New link switch_PR3_UQ_MPI ...
      New link ww3_grid_36dirs.inp ...
      New link ww3_grid_36dirs_nogse.inp ...
      New link ww3_grid.inp ...
      New link ww3_ounf.inp ...
      New link ww3_outf.inp ...
      New link ww3_shel.inp ...
      New link ww3_strt.inp ...
      New link depth.361x361.IDLA1.dat ...
      New link lat.361x361.IDLA1.dat ...
      New link lon.361x361.IDLA1.dat ...
      New link switch ...
      New link switch_PR1 ...
      New link switch_PR1_MPI ...
      New link switch_PR2_UNO ...
      New link switch_PR2_UNO_MPI ...
      New link switch_PR2_UQ ...
      New link switch_PR2_UQ_MPI ...
      New link switch_PR3_UNO ...
      New link switch_PR3_UNO_MPI ...
      New link switch_PR3_UQ ...
      New link switch_PR3_UQ_MPI ...
      New link ww3_grid_36dirs.inp ...
      New link ww3_grid_36dirs_nogse.inp ...
      New link ww3_grid.inp ...
      New link ww3_ounf.inp ...
      New link ww3_ounp.inp ...
      New link ww3_outf.inp ...
      New link ww3_shel.inp ...
      New link ww3_strt.inp ...
      New link info ...
      New link limon_ll.msh ...
      New link switch ...
      New link switch_ST0 ...
      New link switch_ST4 ...
      New link ww3_grid.inp ...
      New link ww3_ounf.inp ...
      New link ww3_ounp.inp ...
      New link ww3_outf.inp ...
      New link ww3_outp.inp ...
      New link ww3_shel.inp ...
      New link ww3_strt.inp ...
      New link info ...
      New link ref1.msh ...
      New link ref_slope.msh ...
      New link ref_slope_x_45N.msh ...
      New link ref_slope_x.msh ...
      New link ref_slope_y.msh ...
      New link switch ...
      New link switch_ST0 ...
      New link ww3_grid.inp ...
      New link ww3_ounf.inp ...
      New link ww3_ounp.inp ...
      New link ww3_outf.inp ...
      New link ww3_outp.inp ...
      New link ww3_shel.inp ...
      New link ww3_strt.inp ...
      New link info ...
      New link iro_1p5k.bot ...
      New link Iroise_AI_UV.nc ...
      New link switch ...
      New link switch_TIDE ...
      New link switch_TIDE_NC4 ...
      New link ww3_bounc.inp ...
      New link ww3_grid.inp ...
      New link ww3_ounf.inp ...
      New link ww3_ounp.inp ...
      New link ww3_outf.inp ...
      New link ww3_outp.inp ...
      New link ww3_prnc.inp ...
      New link ww3_shel.inp ...
      New link ww3.W0052N489_20080310_spec.nc ...
      New link ww3.W005N476_20080310_spec.nc ...
      New link ww3.W006N476_20080310_spec.nc ...
      New link ww3.W006N482_20080310_spec.nc ...
      New link ww3.W006N489_20080310_spec.nc ...
      New link info ...
      New link curv_2d.bot ...
      New link curv_2d.lat ...
      New link curv_2d.lon ...
      New link curv_2d.mask ...
      New link curv_2d.obs ...
      New link rect_2d.bot ...
      New link rect_2d.mask ...
      New link rect_2d.obs ...
      New link switch ...
      New link switch_PR1 ...
      New link switch_PR1_MPI ...
      New link switch_PR2_UNO ...
      New link switch_PR2_UNO_MPI ...
      New link switch_PR2_UQ ...
      New link switch_PR2_UQ_MPI ...
      New link switch_PR3_UNO ...
      New link switch_PR3_UNO_MPI ...
      New link switch_PR3_UQ ...
      New link switch_PR3_UQ_MPI ...
      New link ww3_grid_a.inp ...
      New link ww3_grid_b.inp ...
      New link ww3_ounf_flds_hrly.inp ...
      New link ww3_ounf.inp ...
      New link ww3_outf_flds_hrly.inp ...
      New link ww3_outf.inp ...
      New link ww3_shel.inp ...
      New link ww3_strt.inp ...
      New link info ...
      New link gx_outp.inp ...
      New link switch ...
      New link switch_ST1 ...
      New link switch_ST1_RWND ...
      New link switch_ST2 ...
      New link switch_ST3 ...
      New link switch_ST4 ...
      New link switch_ST4_GMD ...
      New link switch_ST4_TSA ...
      New link switch_ST4_WRT ...
      New link switch_ST6 ...
      New link ww3_grid.inp ...
      New link ww3_ounf.inp ...
      New link ww3_ounp_spec.inp ...
      New link ww3_outp_spec.inp ...
      New link ww3_outp_tab50.inp ...
      New link ww3_shel.inp ...
      New link ww3_strt.inp ...
      New link gx_outp.inp ...
      New link switch ...
      New link ww3_grid.inp ...
      New link ww3_ounp_spec.inp ...
      New link ww3_ounp_src.inp ...
      New link ww3_outp_spec.inp ...
      New link ww3_outp_tab50.inp ...
      New link ww3_prep_ice.inp ...
      New link ww3_shel.inp ...
      New link ww3_strt.inp ...
      New link gx_outp.inp ...
      New link switch ...
      New link ww3_grid.inp ...
      New link ww3_ounp_spec.inp ...
      New link ww3_ounp_src.inp ...
      New link ww3_outp_spec.inp ...
      New link ww3_outp_tab50.inp ...
      New link ww3_prep_ice.inp ...
      New link ww3_shel.inp ...
      New link ww3_strt.inp ...
      New link gx_outp.inp ...
      New link switch ...
      New link ww3_grid.inp ...
      New link ww3_ounp_spec.inp ...
      New link ww3_ounp_src.inp ...
      New link ww3_outp_spec.inp ...
      New link ww3_outp_tab50.inp ...
      New link ww3_prep_ice.inp ...
      New link ww3_shel.inp ...
      New link ww3_strt.inp ...
      New link gx_outp.inp ...
      New link switch ...
      New link ww3_grid.inp ...
      New link ww3_ounp_spec.inp ...
      New link ww3_ounp_src.inp ...
      New link ww3_outp_spec.inp ...
      New link ww3_outp_tab50.inp ...
      New link ww3_prep_ice.inp ...
      New link ww3_shel.inp ...
      New link ww3_strt.inp ...
      New link gx_outp.inp ...
      New link switch ...
      New link ww3_grid.inp ...
      New link ww3_ounp_spec.inp ...
      New link ww3_ounp_src.inp ...
      New link ww3_outp_spec.inp ...
      New link ww3_outp_tab50.inp ...
      New link ww3_prep_ice.inp ...
      New link ww3_shel.inp ...
      New link ww3_strt.inp ...
      New link info ...
      New link gx_outp.inp ...
      New link switch ...
      New link switch_ST1_PR1 ...
      New link switch_ST1_PR2_UNO ...
      New link switch_ST1_PR2_UQ ...
      New link switch_ST1_PR3_UNO ...
      New link switch_ST1_PR3_UQ ...
      New link switch_ST2_PR1 ...
      New link switch_ST2_PR2_UNO ...
      New link switch_ST2_PR2_UQ ...
      New link switch_ST2_PR3_UNO ...
      New link switch_ST2_PR3_UQ ...
      New link switch_ST3_PR1 ...
      New link switch_ST3_PR2_UNO ...
      New link switch_ST3_PR2_UQ ...
      New link switch_ST3_PR3_UNO ...
      New link switch_ST3_PR3_UQ ...
      New link switch_ST4_PR1 ...
      New link switch_ST4_PR2_UNO ...
      New link switch_ST4_PR2_UQ ...
      New link switch_ST4_PR3_UNO ...
      New link switch_ST4_PR3_UQ ...
      New link switch_ST6_PR1 ...
      New link switch_ST6_PR2_UNO ...
      New link switch_ST6_PR2_UQ ...
      New link switch_ST6_PR3_UNO ...
      New link switch_ST6_PR3_UQ ...
      New link ww3_grid.inp ...
      New link ww3_ounp.inp ...
      New link ww3_outp_spec.inp ...
      New link ww3_outp_tab50.inp ...
      New link ww3_outp_tab51.inp ...
      New link ww3_shel.inp ...
      New link ww3_strt.inp ...
      New link info ...
      New link gx_outf.inp ...
      New link gx_outp.inp ...
      New link map_s3.gs ...
      New link switch ...
      New link switch_ST1_PR1 ...
      New link switch_ST1_PR1_MPI ...
      New link switch_ST1_PR1_MPI_OMPH ...
      New link switch_ST1_PR1_OMP ...
      New link switch_ST1_PR2_UNO ...
      New link switch_ST1_PR2_UNO_MPI ...
      New link switch_ST1_PR2_UNO_MPI_OMPH ...
      New link switch_ST1_PR2_UNO_OMP ...
      New link switch_ST1_PR2_UQ ...
      New link switch_ST1_PR2_UQ_MPI ...
      New link switch_ST1_PR2_UQ_MPI_OMPH ...
      New link switch_ST1_PR2_UQ_OMP ...
      New link switch_ST1_PR3_UNO ...
      New link switch_ST1_PR3_UNO_MPI ...
      New link switch_ST1_PR3_UNO_MPI_OMPH ...
      New link switch_ST1_PR3_UNO_OMP ...
      New link switch_ST1_PR3_UQ ...
      New link switch_ST1_PR3_UQ_MPI ...
      New link switch_ST1_PR3_UQ_MPI_OMPH ...
      New link switch_ST1_PR3_UQ_OMP ...
      New link switch_ST2_PR1 ...
      New link switch_ST2_PR1_MPI ...
      New link switch_ST2_PR1_MPI_OMPH ...
      New link switch_ST2_PR1_OMP ...
      New link switch_ST2_PR2_UNO ...
      New link switch_ST2_PR2_UNO_MPI ...
      New link switch_ST2_PR2_UNO_MPI_OMPH ...
      New link switch_ST2_PR2_UNO_OMP ...
      New link switch_ST2_PR2_UQ ...
      New link switch_ST2_PR2_UQ_MPI ...
      New link switch_ST2_PR2_UQ_MPI_OMPH ...
      New link switch_ST2_PR2_UQ_OMP ...
      New link switch_ST2_PR3_UNO ...
      New link switch_ST2_PR3_UNO_MPI ...
      New link switch_ST2_PR3_UNO_MPI_OMPH ...
      New link switch_ST2_PR3_UNO_OMP ...
      New link switch_ST2_PR3_UQ ...
      New link switch_ST2_PR3_UQ_MPI ...
      New link switch_ST2_PR3_UQ_MPI_OMPH ...
      New link switch_ST2_PR3_UQ_OMP ...
      New link switch_ST3_PR1 ...
      New link switch_ST3_PR1_MPI ...
      New link switch_ST3_PR1_MPI_OMPH ...
      New link switch_ST3_PR1_OMP ...
      New link switch_ST3_PR2_UNO ...
      New link switch_ST3_PR2_UNO_MPI ...
      New link switch_ST3_PR2_UNO_MPI_OMPH ...
      New link switch_ST3_PR2_UNO_OMP ...
      New link switch_ST3_PR2_UQ ...
      New link switch_ST3_PR2_UQ_MPI ...
      New link switch_ST3_PR2_UQ_MPI_OMPH ...
      New link switch_ST3_PR2_UQ_OMP ...
      New link switch_ST3_PR3_UNO ...
      New link switch_ST3_PR3_UNO_MPI ...
      New link switch_ST3_PR3_UNO_MPI_OMPH ...
      New link switch_ST3_PR3_UNO_OMP ...
      New link switch_ST3_PR3_UQ ...
      New link switch_ST3_PR3_UQ_MPI ...
      New link switch_ST3_PR3_UQ_MPI_OMPH ...
      New link switch_ST3_PR3_UQ_OMP ...
      New link switch_ST4_PR1 ...
      New link switch_ST4_PR1_FLD1 ...
      New link switch_ST4_PR1_FLD1_MPI ...
      New link switch_ST4_PR1_FLD2 ...
      New link switch_ST4_PR1_FLD2_MPI ...
      New link switch_ST4_PR1_MPI ...
      New link switch_ST4_PR1_MPI_OMPH ...
      New link switch_ST4_PR1_OMP ...
      New link switch_ST4_PR2_UNO ...
      New link switch_ST4_PR2_UNO_MPI ...
      New link switch_ST4_PR2_UNO_MPI_OMPH ...
      New link switch_ST4_PR2_UNO_OMP ...
      New link switch_ST4_PR2_UQ ...
      New link switch_ST4_PR2_UQ_MPI ...
      New link switch_ST4_PR2_UQ_MPI_OMPH ...
      New link switch_ST4_PR2_UQ_OMP ...
      New link switch_ST4_PR3_UNO ...
      New link switch_ST4_PR3_UNO_MPI ...
      New link switch_ST4_PR3_UNO_MPI_OMPH ...
      New link switch_ST4_PR3_UNO_OMP ...
      New link switch_ST4_PR3_UQ ...
      New link switch_ST4_PR3_UQ_MPI ...
      New link switch_ST4_PR3_UQ_MPI_OMPH ...
      New link switch_ST4_PR3_UQ_OMP ...
      New link switch_ST4_TSA_PR3_UNO ...
      New link switch_ST4_TSA_PR3_UNO_MPI ...
      New link switch_ST4_TSA_PR3_UNO_MPI_OMPH ...
      New link switch_ST4_TSA_PR3_UNO_OMP ...
      New link switch_ST4_TSA_PR3_UQ ...
      New link switch_ST4_TSA_PR3_UQ_MPI ...
      New link switch_ST4_TSA_PR3_UQ_MPI_OMPH ...
      New link switch_ST4_TSA_PR3_UQ_OMP ...
      New link switch_ST6_PR1 ...
      New link switch_ST6_PR1_MPI ...
      New link switch_ST6_PR1_MPI_OMPH ...
      New link switch_ST6_PR1_OMP ...
      New link switch_ST6_PR2_UNO ...
      New link switch_ST6_PR2_UNO_MPI ...
      New link switch_ST6_PR2_UNO_MPI_OMPH ...
      New link switch_ST6_PR2_UNO_OMP ...
      New link switch_ST6_PR2_UQ ...
      New link switch_ST6_PR2_UQ_MPI ...
      New link switch_ST6_PR2_UQ_MPI_OMPH ...
      New link switch_ST6_PR2_UQ_OMP ...
      New link switch_ST6_PR3_UNO ...
      New link switch_ST6_PR3_UNO_MPI ...
      New link switch_ST6_PR3_UNO_MPI_OMPH ...
      New link switch_ST6_PR3_UNO_OMP ...
      New link switch_ST6_PR3_UQ ...
      New link switch_ST6_PR3_UQ_MPI ...
      New link switch_ST6_PR3_UQ_MPI_OMPH ...
      New link switch_ST6_PR3_UQ_OMP ...
      New link wind.f ...
      New link ww3_grid.inp ...
      New link ww3_ounf.inp ...
      New link ww3_outf_ITYPE1.inp ...
      New link ww3_outf_ITYPE2.inp ...
      New link ww3_outf_ITYPE3.inp ...
      New link ww3_prep_wind.inp ...
      New link ww3_shel.inp ...
