    Directory /sand/usgs/users/jcwarner/WW3/arc_tmp/smc_docs
   New link Rotated_Grid.pdf ...
   New link SMC_Grid_Guide.pdf ...
   New link SMC_Introductn.ppt ...
      New link countcells ...
      New link countijsd ...
      New link eq2lldeg.pro ...
      New link G50AISide.dat ...
      New link G50AJSide.dat ...
      New link G50GISide.dat ...
      New link G50GJSide.dat ...
      New link G50GObstr.dat ...
      New link G50kmBathy.dat ...
      New link G50kmObstr.dat ...
      New link G50SAcSide.f90 ...
      New link G50SGlSide.f90 ...
      New link G50SMCBAr.dat ...
      New link G50SMCels.dat ...
      New link g50smcgrd.ps ...
      New link g50smcgrids.pro ...
      New link G50SMCSRGD.f90 ...
      New link g50smcswhglb.pro ...
      New link g50smstrspb.pro ...
      New link Glob50SMCels.pro ...
      New link Glob50SMCObstr.pro ...
      New link linuxspectrum.clr ...
      New link ll2eqdeg.pro ...
      New link readcell.pro ...
      New link readproj.pro ...
      New link smc625grd.ps ...
      New link smc625gridGlb.pro ...
      New link smc625swhGlb.pro ...
      New link smcrv50kgrid ...
      New link smcrv50kinit ...
      New link smcrv50kmrun ...
      New link steromap.pro ...
      New link switch ...
      New link ww3_grid.inp ...
      New link ww3_outf.inp.template ...
      New link ww3_outp.inp.template ...
      New link ww3_shel.inp.template ...
      New link ww3_strt.inp ...
